<?xml version="1.0" encoding="UTF-8"?>
<!-- Generated by org.testng.reporters.JUnitXMLReporter -->
<testsuite ignored="0" hostname="DESKTOP-1ICBAAR" failures="0" tests="3" name="regressionDosee" time="12.133" errors="0" timestamp="2024-11-28T16:45:01 IST">
  <testcase classname="tests.LoginTest" name="loginWithValidCredentials" time="7.179"/>
  <testcase classname="tests.LogOutTest" name="tearDown" time="0.001"/>
  <testcase classname="tests.LogOutTest" name="testInvalidUsername" time="4.875"/>
</testsuite> <!-- regressionDosee -->
