<?xml version="1.0" encoding="UTF-8"?>
<!-- Generated by org.testng.reporters.JUnitXMLReporter -->
<testsuite ignored="0" hostname="DESKTOP-1ICBAAR" failures="0" tests="1" name="Login Features" time="0.096" errors="0" timestamp="2024-11-30T22:36:16 IST">
  <testcase classname="tests.LoginTest" name="@BeforeMethod setup" time="0.013">
    <failure type="java.lang.IllegalArgumentException" message="Unsupported browser: ">
      <![CDATA[java.lang.IllegalArgumentException: Unsupported browser: 
at base.BasePage.getDriver(BasePage.java:28)
at base.BasePage.getDriver(BasePage.java:37)
at tests.LoginTest.setup(LoginTest.java:21)
at java.base/java.util.ArrayList.forEach(ArrayList.java:1597)
... Removed 29 stack frames]]>
    </failure>
  </testcase> <!-- @BeforeMethod setup -->
  <testcase classname="tests.LoginTest" name="@AfterMethod teardown" time="0.0">
    <skipped/>
  </testcase> <!-- @AfterMethod teardown -->
  <testcase classname="tests.LoginTest" name="loginWithValidCredentials" time="0.0">
    <skipped/>
  </testcase> <!-- loginWithValidCredentials -->
</testsuite> <!-- Login Features -->
