<?xml version="1.0" encoding="UTF-8"?>
<testng-results ignored="0" total="1" passed="1" failed="0" skipped="0">
  <reporter-output>
  </reporter-output>
  <suite started-at="2024-11-30T20:33:08 IST" name="Login Feature" finished-at="2024-11-30T20:33:16 IST" duration-ms="8075">
    <groups>
    </groups>
    <test started-at="2024-11-30T20:33:08 IST" name="Login Features" finished-at="2024-11-30T20:33:16 IST" duration-ms="8075">
      <class name="tests.LoginTest">
        <test-method is-config="true" signature="setup()[pri:0, instance:tests.LoginTest@68999068]" started-at="2024-11-30T20:33:08 IST" name="setup" finished-at="2024-11-30T20:33:14 IST" duration-ms="5755" status="PASS">
          <reporter-output>
          </reporter-output>
        </test-method> <!-- setup -->
        <test-method signature="loginWithValidCredentials()[pri:0, instance:tests.LoginTest@68999068]" started-at="2024-11-30T20:33:14 IST" name="loginWithValidCredentials" finished-at="2024-11-30T20:33:16 IST" duration-ms="1447" status="PASS">
          <reporter-output>
          </reporter-output>
        </test-method> <!-- loginWithValidCredentials -->
        <test-method is-config="true" signature="teardown()[pri:0, instance:tests.LoginTest@68999068]" started-at="2024-11-30T20:33:16 IST" name="teardown" finished-at="2024-11-30T20:33:16 IST" duration-ms="839" status="PASS">
          <reporter-output>
          </reporter-output>
        </test-method> <!-- teardown -->
      </class> <!-- tests.LoginTest -->
    </test> <!-- Login Features -->
  </suite> <!-- Login Feature -->
</testng-results>
