<?xml version="1.0" encoding="UTF-8"?>
<testng-results ignored="0" total="1" passed="1" failed="0" skipped="0">
  <reporter-output>
  </reporter-output>
  <suite started-at="2024-11-30T12:51:24 IST" name="Default suite" finished-at="2024-11-30T12:51:29 IST" duration-ms="5195">
    <groups>
    </groups>
    <test started-at="2024-11-30T12:51:24 IST" name="Default test" finished-at="2024-11-30T12:51:29 IST" duration-ms="5195">
      <class name="tests.LoginTest">
        <test-method is-config="true" signature="setup()[pri:0, instance:tests.LoginTest@1a677343]" started-at="2024-11-30T12:51:24 IST" name="setup" finished-at="2024-11-30T12:51:28 IST" duration-ms="3661" status="PASS">
          <reporter-output>
          </reporter-output>
        </test-method> <!-- setup -->
        <test-method signature="loginWithValidCredentials()[pri:0, instance:tests.LoginTest@1a677343]" started-at="2024-11-30T12:51:28 IST" name="loginWithValidCredentials" finished-at="2024-11-30T12:51:29 IST" duration-ms="1326" status="PASS">
          <reporter-output>
          </reporter-output>
        </test-method> <!-- loginWithValidCredentials -->
        <test-method is-config="true" signature="teardown()[pri:0, instance:tests.LoginTest@1a677343]" started-at="2024-11-30T12:51:29 IST" name="teardown" finished-at="2024-11-30T12:51:29 IST" duration-ms="167" status="PASS">
          <reporter-output>
          </reporter-output>
        </test-method> <!-- teardown -->
      </class> <!-- tests.LoginTest -->
    </test> <!-- Default test -->
  </suite> <!-- Default suite -->
</testng-results>
